<?xml version="1.0" encoding="UTF-8"?>
<!-- Generated by org.testng.reporters.JUnitReportReporter -->
<testsuite hostname="MY-LAPTOP" failures="0" tests="1" name="tests.firstCaseTest" time="4.002" errors="0" timestamp="2023-04-27T23:02:51 CEST" skipped="0">
  <testcase classname="tests.firstCaseTest" name="getRequest" time="4.002"/>
  <system-out/>
</testsuite> <!-- tests.firstCaseTest -->
