<?xml version="1.0" encoding="UTF-8"?>
<!-- Generated by org.testng.reporters.JUnitReportReporter -->
<testsuite hostname="MY-LAPTOP" failures="0" tests="3" name="tests.secondCaseTest" time="1.098" errors="0" timestamp="2023-04-27T23:02:51 CEST" skipped="0">
  <testcase classname="tests.secondCaseTest" name="secondTestCase" time="0.580"/>
  <system-out/>
  <testcase classname="tests.secondCaseTest" name="secondTestCase" time="0.329"/>
  <system-out/>
  <testcase classname="tests.secondCaseTest" name="secondTestCase" time="0.189"/>
  <system-out/>
</testsuite> <!-- tests.secondCaseTest -->
